Arguments: 
  C:\Program Files\nodejs\node.exe C:\Users\mdkoc\AppData\Roaming\npm\node_modules\yarn\bin\yarn.js

PATH: 
  C:\cmder_mini\vendor\conemu-maximus5\ConEmu\Scripts;C:\cmder_mini\bin;C:\cmder_mini\vendor\conemu-maximus5\ConEmu\Scripts;C:\cmder_mini\vendor\conemu-maximus5;C:\cmder_mini\vendor\conemu-maximus5\ConEmu;C:\ProgramData\DockerDesktop\version-bin;C:\Program Files\Docker\Docker\Resources\bin;C:\WINDOWS\system32;C:\WINDOWS;C:\WINDOWS\System32\Wbem;C:\WINDOWS\System32\WindowsPowerShell\v1.0\;C:\WINDOWS\System32\OpenSSH\;C:\Program Files\Git\cmd;C:\Program Files\nodejs\;C:\Users\mdkoc\scoop\apps\composer\current\home\vendor\bin;C:\Users\mdkoc\scoop\shims;C:\Users\mdkoc\AppData\Local\Microsoft\WindowsApps;C:\Users\mdkoc\AppData\Roaming\npm;C:\Users\mdkoc\AppData\Local\Programs\Microsoft VS Code\bin;C:\Program Files\Git\mingw64;C:\Program Files\Git\usr\bin;C:\cmder_mini

Yarn version: 
  1.9.4

Node version: 
  8.11.4

Platform: 
  win32 x64

Trace: 
  Error: getaddrinfo EAI_AGAIN registry.yarnpkg.com:443
      at Object._errnoException (util.js:992:11)
      at errnoException (dns.js:55:15)
      at GetAddrInfoReqWrap.onlookup [as oncomplete] (dns.js:92:26)

npm manifest: 
  {
    "name": "sick-fits-backend",
    "version": "1.0.0",
    "description": "the backend of sick fits",
    "scripts": {
      "start": "nodemon -e js,graphql -x node src/index.js",
      "dev": "nodemon -e js,graphql -x node --inspect src/index.js",
      "test": "jest",
      "deploy": "prisma deploy --env-file variables.env"
    },
    "dependencies": {
      "babel-preset-env": "^1.7.0",
      "bcryptjs": "2.4.3",
      "cookie-parser": "^1.4.3",
      "dotenv": "6.0.0",
      "graphql": "^0.13.2",
      "graphql-cli": "^2.16.7",
      "graphql-yoga": "1.16.2",
      "jsonwebtoken": "8.3.0",
      "nodemailer": "^4.6.8",
      "nodemon": "^1.18.7",
      "npm-run-all": "^4.1.5",
      "prisma": "1.17.1",
      "prisma-binding": "2.1.6",
      "stripe": "^6.12.1"
    },
    "license": "MIT",
    "repository": {
      "url": "wesbos.com"
    },
    "babel": {
      "presets": [
        "env"
      ]
    }
  }

yarn manifest: 
  No manifest

Lockfile: 
  No lockfile
